<?xml version="1.0" encoding="UTF-8"?>
<!-- Generated by org.testng.reporters.JUnitXMLReporter -->
<testsuite hostname="WINDOWS-VF7LMKM" ignored="0" name="Verifying User Role testcase" tests="1" failures="0" timestamp="2021-07-08T10:53:09 IST" time="0.036" errors="0">
  <testcase name="@BeforeMethod Browser_setup" time="0.014" classname="Testcases.Base_Class_Common_functions">
    <failure type="java.lang.IllegalStateException" message="The driver executable does not exist: C:\Users\DELL\git\PageObjectModel_Scrachworkspace_realtime\Org_applicationHRM\Drivers\chromedriver_l.exe">
      <![CDATA[java.lang.IllegalStateException: The driver executable does not exist: C:\Users\DELL\git\PageObjectModel_Scrachworkspace_realtime\Org_applicationHRM\Drivers\chromedriver_l.exe
at com.google.common.base.Preconditions.checkState(Preconditions.java:534)
at org.openqa.selenium.remote.service.DriverService.checkExecutable(DriverService.java:136)
at org.openqa.selenium.remote.service.DriverService.findExecutable(DriverService.java:131)
at org.openqa.selenium.chrome.ChromeDriverService.access$000(ChromeDriverService.java:32)
at org.openqa.selenium.chrome.ChromeDriverService$Builder.findDefaultExecutable(ChromeDriverService.java:137)
at org.openqa.selenium.remote.service.DriverService$Builder.build(DriverService.java:329)
at org.openqa.selenium.chrome.ChromeDriverService.createDefaultService(ChromeDriverService.java:88)
at org.openqa.selenium.chrome.ChromeDriver.<init>(ChromeDriver.java:124)
at Testcases.Base_Class_Common_functions.Browser_setup(Base_Class_Common_functions.java:135)
at java.util.ArrayList.forEach(ArrayList.java:1249)
... Removed 31 stack frames]]>
    </failure>
  </testcase> <!-- @BeforeMethod Browser_setup -->
  <testcase name="@AfterMethod teardown_BM" time="-1.625721789934E9" classname="Testcases.Base_Class_Common_functions">
    <skipped/>
  </testcase> <!-- @AfterMethod teardown_BM -->
  <testcase name="checkuserRole" time="0.0" classname="Testcases.User_Role_testcase">
    <skipped/>
  </testcase> <!-- checkuserRole -->
</testsuite> <!-- Verifying User Role testcase -->
